# JRE version: OpenJDK Runtime Environment (8.0_151-b12) (build 1.8.0_151-8u151-b12-0ubuntu0.16.04.2-b12)
# Java VM: OpenJDK 64-Bit Server VM (25.151-b12 mixed mode linux-amd64 compressed oops)
Heap:
 PSYoungGen      total 345600K, used 16383K [0x00000000d8400000, 0x00000000ee580000, 0x0000000100000000)
  eden space 329216K, 0% used [0x00000000d8400000,0x00000000d8400000,0x00000000ec580000)
  from space 16384K, 99% used [0x00000000ec580000,0x00000000ed57fc10,0x00000000ed580000)
  to   space 11264K, 0% used [0x00000000eda80000,0x00000000eda80000,0x00000000ee580000)
 ParOldGen       total 73728K, used 24426K [0x0000000088c00000, 0x000000008d400000, 0x00000000d8400000)
  object space 73728K, 33% used [0x0000000088c00000,0x000000008a3daa70,0x000000008d400000)
 Metaspace       used 45552K, capacity 47352K, committed 47664K, reserved 1091584K
  class space    used 6028K, capacity 6386K, committed 6448K, reserved 1048576K
GC Heap History (10 events):
Event: 7.628 GC heap after
Heap after GC invocations=8 (full 1):
 PSYoungGen      total 131584K, used 8695K [0x00000000d8400000, 0x00000000e7680000, 0x0000000100000000)
  eden space 122880K, 0% used [0x00000000d8400000,0x00000000d8400000,0x00000000dfc00000)
  from space 8704K, 99% used [0x00000000dfc00000,0x00000000e047de20,0x00000000e0480000)
  to   space 11264K, 0% used [0x00000000e6b80000,0x00000000e6b80000,0x00000000e7680000)
 ParOldGen       total 43520K, used 7565K [0x0000000088c00000, 0x000000008b680000, 0x00000000d8400000)
  object space 43520K, 17% used [0x0000000088c00000,0x0000000089363680,0x000000008b680000)
 Metaspace       used 22979K, capacity 23530K, committed 23728K, reserved 1069056K
  class space    used 3010K, capacity 3183K, committed 3248K, reserved 1048576K
}
Event: 8.148 GC heap before
{Heap before GC invocations=9 (full 1):
 PSYoungGen      total 131584K, used 131575K [0x00000000d8400000, 0x00000000e7680000, 0x0000000100000000)
  eden space 122880K, 100% used [0x00000000d8400000,0x00000000dfc00000,0x00000000dfc00000)
  from space 8704K, 99% used [0x00000000dfc00000,0x00000000e047de20,0x00000000e0480000)
  to   space 11264K, 0% used [0x00000000e6b80000,0x00000000e6b80000,0x00000000e7680000)
 ParOldGen       total 43520K, used 7565K [0x0000000088c00000, 0x000000008b680000, 0x00000000d8400000)
  object space 43520K, 17% used [0x0000000088c00000,0x0000000089363680,0x000000008b680000)
 Metaspace       used 24956K, capacity 25750K, committed 25904K, reserved 1071104K
  class space    used 3317K, capacity 3514K, committed 3632K, reserved 1048576K
Event: 8.170 GC heap after
Heap after GC invocations=9 (full 1):
 PSYoungGen      total 235520K, used 10990K [0x00000000d8400000, 0x00000000e7900000, 0x0000000100000000)
  eden space 224256K, 0% used [0x00000000d8400000,0x00000000d8400000,0x00000000e5f00000)
  from space 11264K, 97% used [0x00000000e6b80000,0x00000000e763b8e8,0x00000000e7680000)
  to   space 12800K, 0% used [0x00000000e5f00000,0x00000000e5f00000,0x00000000e6b80000)
 ParOldGen       total 43520K, used 7573K [0x0000000088c00000, 0x000000008b680000, 0x00000000d8400000)
  object space 43520K, 17% used [0x0000000088c00000,0x0000000089365680,0x000000008b680000)
 Metaspace       used 24956K, capacity 25750K, committed 25904K, reserved 1071104K
  class space    used 3317K, capacity 3514K, committed 3632K, reserved 1048576K
}
Event: 10.501 GC heap before
{Heap before GC invocations=10 (full 1):
 PSYoungGen      total 235520K, used 235246K [0x00000000d8400000, 0x00000000e7900000, 0x0000000100000000)
  eden space 224256K, 100% used [0x00000000d8400000,0x00000000e5f00000,0x00000000e5f00000)
  from space 11264K, 97% used [0x00000000e6b80000,0x00000000e763b8e8,0x00000000e7680000)
  to   space 12800K, 0% used [0x00000000e5f00000,0x00000000e5f00000,0x00000000e6b80000)
 ParOldGen       total 43520K, used 7573K [0x0000000088c00000, 0x000000008b680000, 0x00000000d8400000)
  object space 43520K, 17% used [0x0000000088c00000,0x0000000089365680,0x000000008b680000)
 Metaspace       used 30150K, capacity 31464K, committed 31664K, reserved 1077248K
  class space    used 4001K, capacity 4272K, committed 4272K, reserved 1048576K
Event: 10.569 GC heap after
Heap after GC invocations=10 (full 1):
 PSYoungGen      total 237056K, used 12772K [0x00000000d8400000, 0x00000000eea80000, 0x0000000100000000)
  eden space 224256K, 0% used [0x00000000d8400000,0x00000000d8400000,0x00000000e5f00000)
  from space 12800K, 99% used [0x00000000e5f00000,0x00000000e6b790a0,0x00000000e6b80000)
  to   space 16384K, 0% used [0x00000000eda80000,0x00000000eda80000,0x00000000eea80000)
 ParOldGen       total 43520K, used 12066K [0x0000000088c00000, 0x000000008b680000, 0x00000000d8400000)
  object space 43520K, 27% used [0x0000000088c00000,0x00000000897c8ab8,0x000000008b680000)
 Metaspace       used 30150K, capacity 31464K, committed 31664K, reserved 1077248K
  class space    used 4001K, capacity 4272K, committed 4272K, reserved 1048576K
}
Event: 13.212 GC heap before
{Heap before GC invocations=11 (full 1):
 PSYoungGen      total 237056K, used 88944K [0x00000000d8400000, 0x00000000eea80000, 0x0000000100000000)
  eden space 224256K, 33% used [0x00000000d8400000,0x00000000dce63240,0x00000000e5f00000)
  from space 12800K, 99% used [0x00000000e5f00000,0x00000000e6b790a0,0x00000000e6b80000)
  to   space 16384K, 0% used [0x00000000eda80000,0x00000000eda80000,0x00000000eea80000)
 ParOldGen       total 43520K, used 12066K [0x0000000088c00000, 0x000000008b680000, 0x00000000d8400000)
  object space 43520K, 27% used [0x0000000088c00000,0x00000000897c8ab8,0x000000008b680000)
 Metaspace       used 33955K, capacity 35368K, committed 35496K, reserved 1081344K
  class space    used 4376K, capacity 4648K, committed 4656K, reserved 1048576K
Event: 13.229 GC heap after
Heap after GC invocations=11 (full 1):
 PSYoungGen      total 340480K, used 9914K [0x00000000d8400000, 0x00000000ee580000, 0x0000000100000000)
  eden space 329216K, 0% used [0x00000000d8400000,0x00000000d8400000,0x00000000ec580000)
  from space 11264K, 88% used [0x00000000eda80000,0x00000000ee42e928,0x00000000ee580000)
  to   space 16384K, 0% used [0x00000000ec580000,0x00000000ec580000,0x00000000ed580000)
 ParOldGen       total 43520K, used 19969K [0x0000000088c00000, 0x000000008b680000, 0x00000000d8400000)
  object space 43520K, 45% used [0x0000000088c00000,0x0000000089f804d0,0x000000008b680000)
 Metaspace       used 33955K, capacity 35368K, committed 35496K, reserved 1081344K
  class space    used 4376K, capacity 4648K, committed 4656K, reserved 1048576K
}
Event: 13.229 GC heap before
{Heap before GC invocations=12 (full 2):
 PSYoungGen      total 340480K, used 9914K [0x00000000d8400000, 0x00000000ee580000, 0x0000000100000000)
  eden space 329216K, 0% used [0x00000000d8400000,0x00000000d8400000,0x00000000ec580000)
  from space 11264K, 88% used [0x00000000eda80000,0x00000000ee42e928,0x00000000ee580000)
  to   space 16384K, 0% used [0x00000000ec580000,0x00000000ec580000,0x00000000ed580000)
 ParOldGen       total 43520K, used 19969K [0x0000000088c00000, 0x000000008b680000, 0x00000000d8400000)
  object space 43520K, 45% used [0x0000000088c00000,0x0000000089f804d0,0x000000008b680000)
 Metaspace       used 33955K, capacity 35368K, committed 35496K, reserved 1081344K
  class space    used 4376K, capacity 4648K, committed 4656K, reserved 1048576K
Event: 13.320 GC heap after
Heap after GC invocations=12 (full 2):
 PSYoungGen      total 340480K, used 0K [0x00000000d8400000, 0x00000000ee580000, 0x0000000100000000)
  eden space 329216K, 0% used [0x00000000d8400000,0x00000000d8400000,0x00000000ec580000)
  from space 11264K, 0% used [0x00000000eda80000,0x00000000eda80000,0x00000000ee580000)
  to   space 16384K, 0% used [0x00000000ec580000,0x00000000ec580000,0x00000000ed580000)
 ParOldGen       total 73728K, used 23053K [0x0000000088c00000, 0x000000008d400000, 0x00000000d8400000)
  object space 73728K, 31% used [0x0000000088c00000,0x000000008a283470,0x000000008d400000)
 Metaspace       used 33955K, capacity 35368K, committed 35496K, reserved 1081344K
  class space    used 4376K, capacity 4648K, committed 4656K, reserved 1048576K
}
Event: 21.271 GC heap before
{Heap before GC invocations=13 (full 2):
 PSYoungGen      total 340480K, used 329216K [0x00000000d8400000, 0x00000000ee580000, 0x0000000100000000)
  eden space 329216K, 100% used [0x00000000d8400000,0x00000000ec580000,0x00000000ec580000)
  from space 11264K, 0% used [0x00000000eda80000,0x00000000eda80000,0x00000000ee580000)
  to   space 16384K, 0% used [0x00000000ec580000,0x00000000ec580000,0x00000000ed580000)
 ParOldGen       total 73728K, used 23053K [0x0000000088c00000, 0x000000008d400000, 0x00000000d8400000)
  object space 73728K, 31% used [0x0000000088c00000,0x000000008a283470,0x000000008d400000)
 Metaspace       used 45552K, capacity 47352K, committed 47664K, reserved 1091584K
  class space    used 6028K, capacity 6386K, committed 6448K, reserved 1048576K

