# JRE version: OpenJDK Runtime Environment (8.0_151-b12) (build 1.8.0_151-8u151-b12-0ubuntu0.16.04.2-b12)
# Java VM: OpenJDK 64-Bit Server VM (25.151-b12 mixed mode linux-amd64 compressed oops)
Heap:
 PSYoungGen      total 334336K, used 17377K [0x00000000d8400000, 0x00000000edb80000, 0x0000000100000000)
  eden space 316928K, 0% used [0x00000000d8400000,0x00000000d8400000,0x00000000eb980000)
  from space 17408K, 99% used [0x00000000eb980000,0x00000000eca78468,0x00000000eca80000)
  to   space 14336K, 0% used [0x00000000ecd80000,0x00000000ecd80000,0x00000000edb80000)
 ParOldGen       total 79872K, used 32567K [0x0000000088c00000, 0x000000008da00000, 0x00000000d8400000)
  object space 79872K, 40% used [0x0000000088c00000,0x000000008abcdf30,0x000000008da00000)
 Metaspace       used 51641K, capacity 54060K, committed 54320K, reserved 1095680K
  class space    used 6972K, capacity 7466K, committed 7472K, reserved 1048576K
GC Heap History (10 events):
Event: 9.219 GC heap after
Heap after GC invocations=8 (full 1):
 PSYoungGen      total 131584K, used 8697K [0x00000000d8400000, 0x00000000e7600000, 0x0000000100000000)
  eden space 122880K, 0% used [0x00000000d8400000,0x00000000d8400000,0x00000000dfc00000)
  from space 8704K, 99% used [0x00000000dfc00000,0x00000000e047e668,0x00000000e0480000)
  to   space 11776K, 0% used [0x00000000e6a80000,0x00000000e6a80000,0x00000000e7600000)
 ParOldGen       total 43520K, used 8886K [0x0000000088c00000, 0x000000008b680000, 0x00000000d8400000)
  object space 43520K, 20% used [0x0000000088c00000,0x00000000894adab8,0x000000008b680000)
 Metaspace       used 23289K, capacity 24020K, committed 24368K, reserved 1071104K
  class space    used 3056K, capacity 3256K, committed 3376K, reserved 1048576K
}
Event: 10.855 GC heap before
{Heap before GC invocations=9 (full 1):
 PSYoungGen      total 131584K, used 131577K [0x00000000d8400000, 0x00000000e7600000, 0x0000000100000000)
  eden space 122880K, 100% used [0x00000000d8400000,0x00000000dfc00000,0x00000000dfc00000)
  from space 8704K, 99% used [0x00000000dfc00000,0x00000000e047e668,0x00000000e0480000)
  to   space 11776K, 0% used [0x00000000e6a80000,0x00000000e6a80000,0x00000000e7600000)
 ParOldGen       total 43520K, used 8886K [0x0000000088c00000, 0x000000008b680000, 0x00000000d8400000)
  object space 43520K, 20% used [0x0000000088c00000,0x00000000894adab8,0x000000008b680000)
 Metaspace       used 24538K, capacity 25298K, committed 25520K, reserved 1071104K
  class space    used 3250K, capacity 3477K, committed 3504K, reserved 1048576K
Event: 10.870 GC heap after
Heap after GC invocations=9 (full 1):
 PSYoungGen      total 231936K, used 11398K [0x00000000d8400000, 0x00000000e7600000, 0x0000000100000000)
  eden space 220160K, 0% used [0x00000000d8400000,0x00000000d8400000,0x00000000e5b00000)
  from space 11776K, 96% used [0x00000000e6a80000,0x00000000e75a18e0,0x00000000e7600000)
  to   space 13312K, 0% used [0x00000000e5c00000,0x00000000e5c00000,0x00000000e6900000)
 ParOldGen       total 43520K, used 8894K [0x0000000088c00000, 0x000000008b680000, 0x00000000d8400000)
  object space 43520K, 20% used [0x0000000088c00000,0x00000000894afab8,0x000000008b680000)
 Metaspace       used 24538K, capacity 25298K, committed 25520K, reserved 1071104K
  class space    used 3250K, capacity 3477K, committed 3504K, reserved 1048576K
}
Event: 13.284 GC heap before
{Heap before GC invocations=10 (full 1):
 PSYoungGen      total 231936K, used 231558K [0x00000000d8400000, 0x00000000e7600000, 0x0000000100000000)
  eden space 220160K, 100% used [0x00000000d8400000,0x00000000e5b00000,0x00000000e5b00000)
  from space 11776K, 96% used [0x00000000e6a80000,0x00000000e75a18e0,0x00000000e7600000)
  to   space 13312K, 0% used [0x00000000e5c00000,0x00000000e5c00000,0x00000000e6900000)
 ParOldGen       total 43520K, used 8894K [0x0000000088c00000, 0x000000008b680000, 0x00000000d8400000)
  object space 43520K, 20% used [0x0000000088c00000,0x00000000894afab8,0x000000008b680000)
 Metaspace       used 31083K, capacity 32462K, committed 32688K, reserved 1077248K
  class space    used 4176K, capacity 4479K, committed 4528K, reserved 1048576K
Event: 13.300 GC heap after
Heap after GC invocations=10 (full 1):
 PSYoungGen      total 234496K, used 13285K [0x00000000d8400000, 0x00000000edf00000, 0x0000000100000000)
  eden space 221184K, 0% used [0x00000000d8400000,0x00000000d8400000,0x00000000e5c00000)
  from space 13312K, 99% used [0x00000000e5c00000,0x00000000e68f9660,0x00000000e6900000)
  to   space 17920K, 0% used [0x00000000ecd80000,0x00000000ecd80000,0x00000000edf00000)
 ParOldGen       total 43520K, used 16371K [0x0000000088c00000, 0x000000008b680000, 0x00000000d8400000)
  object space 43520K, 37% used [0x0000000088c00000,0x0000000089bfcf10,0x000000008b680000)
 Metaspace       used 31083K, capacity 32462K, committed 32688K, reserved 1077248K
  class space    used 4176K, capacity 4479K, committed 4528K, reserved 1048576K
}
Event: 15.452 GC heap before
{Heap before GC invocations=11 (full 1):
 PSYoungGen      total 234496K, used 139743K [0x00000000d8400000, 0x00000000edf00000, 0x0000000100000000)
  eden space 221184K, 57% used [0x00000000d8400000,0x00000000dff7e898,0x00000000e5c00000)
  from space 13312K, 99% used [0x00000000e5c00000,0x00000000e68f9660,0x00000000e6900000)
  to   space 17920K, 0% used [0x00000000ecd80000,0x00000000ecd80000,0x00000000edf00000)
 ParOldGen       total 43520K, used 16371K [0x0000000088c00000, 0x000000008b680000, 0x00000000d8400000)
  object space 43520K, 37% used [0x0000000088c00000,0x0000000089bfcf10,0x000000008b680000)
 Metaspace       used 33767K, capacity 35384K, committed 35496K, reserved 1079296K
  class space    used 4570K, capacity 4900K, committed 4912K, reserved 1048576K
Event: 15.475 GC heap after
Heap after GC invocations=11 (full 1):
 PSYoungGen      total 331264K, used 9400K [0x00000000d8400000, 0x00000000edb80000, 0x0000000100000000)
  eden space 316928K, 0% used [0x00000000d8400000,0x00000000d8400000,0x00000000eb980000)
  from space 14336K, 65% used [0x00000000ecd80000,0x00000000ed6ae0b8,0x00000000edb80000)
  to   space 17408K, 0% used [0x00000000eb980000,0x00000000eb980000,0x00000000eca80000)
 ParOldGen       total 43520K, used 25105K [0x0000000088c00000, 0x000000008b680000, 0x00000000d8400000)
  object space 43520K, 57% used [0x0000000088c00000,0x000000008a484468,0x000000008b680000)
 Metaspace       used 33767K, capacity 35384K, committed 35496K, reserved 1079296K
  class space    used 4570K, capacity 4900K, committed 4912K, reserved 1048576K
}
Event: 15.475 GC heap before
{Heap before GC invocations=12 (full 2):
 PSYoungGen      total 331264K, used 9400K [0x00000000d8400000, 0x00000000edb80000, 0x0000000100000000)
  eden space 316928K, 0% used [0x00000000d8400000,0x00000000d8400000,0x00000000eb980000)
  from space 14336K, 65% used [0x00000000ecd80000,0x00000000ed6ae0b8,0x00000000edb80000)
  to   space 17408K, 0% used [0x00000000eb980000,0x00000000eb980000,0x00000000eca80000)
 ParOldGen       total 43520K, used 25105K [0x0000000088c00000, 0x000000008b680000, 0x00000000d8400000)
  object space 43520K, 57% used [0x0000000088c00000,0x000000008a484468,0x000000008b680000)
 Metaspace       used 33767K, capacity 35384K, committed 35496K, reserved 1079296K
  class space    used 4570K, capacity 4900K, committed 4912K, reserved 1048576K
Event: 15.564 GC heap after
Heap after GC invocations=12 (full 2):
 PSYoungGen      total 331264K, used 0K [0x00000000d8400000, 0x00000000edb80000, 0x0000000100000000)
  eden space 316928K, 0% used [0x00000000d8400000,0x00000000d8400000,0x00000000eb980000)
  from space 14336K, 0% used [0x00000000ecd80000,0x00000000ecd80000,0x00000000edb80000)
  to   space 17408K, 0% used [0x00000000eb980000,0x00000000eb980000,0x00000000eca80000)
 ParOldGen       total 79872K, used 24690K [0x0000000088c00000, 0x000000008da00000, 0x00000000d8400000)
  object space 79872K, 30% used [0x0000000088c00000,0x000000008a41cb20,0x000000008da00000)
 Metaspace       used 33767K, capacity 35384K, committed 35496K, reserved 1079296K
  class space    used 4570K, capacity 4900K, committed 4912K, reserved 1048576K
}
Event: 25.104 GC heap before
{Heap before GC invocations=13 (full 2):
 PSYoungGen      total 331264K, used 316928K [0x00000000d8400000, 0x00000000edb80000, 0x0000000100000000)
  eden space 316928K, 100% used [0x00000000d8400000,0x00000000eb980000,0x00000000eb980000)
  from space 14336K, 0% used [0x00000000ecd80000,0x00000000ecd80000,0x00000000edb80000)
  to   space 17408K, 0% used [0x00000000eb980000,0x00000000eb980000,0x00000000eca80000)
 ParOldGen       total 79872K, used 24690K [0x0000000088c00000, 0x000000008da00000, 0x00000000d8400000)
  object space 79872K, 30% used [0x0000000088c00000,0x000000008a41cb20,0x000000008da00000)
 Metaspace       used 51641K, capacity 54060K, committed 54320K, reserved 1095680K
  class space    used 6972K, capacity 7466K, committed 7472K, reserved 1048576K

